<?xml version="1.0" encoding="UTF-8"?>
<!-- Generated by org.testng.reporters.JUnitXMLReporter -->
<testsuite ignored="2" hostname="DESKTOP-8PDV9F0" failures="0" tests="3" name="Test" time="4.509" errors="0" timestamp="2023-10-16T19:44:29 IST">
  <testcase classname="Signup.Signup" name="signup" time="2.623"/>
  <testcase classname="Login.Login" name="invalid" time="0.531"/>
  <testcase classname="Login.Login" name="valid" time="1.3"/>
  <testcase classname="Base.Base" name="@AfterSuite TearDown" time="0.0">
    <ignored/>
  </testcase> <!-- @AfterSuite TearDown -->
  <testcase classname="Base.Base" name="@BeforeSuite Setup" time="0.0">
    <ignored/>
  </testcase> <!-- @BeforeSuite Setup -->
</testsuite> <!-- Test -->
