<?xml version="1.0" encoding="UTF-8"?>
<testng-results ignored="1" total="2" passed="1" failed="0" skipped="0">
  <reporter-output>
  </reporter-output>
  <suite started-at="2023-10-16T19:58:23 IST" name="Default suite" finished-at="2023-10-16T19:58:27 IST" duration-ms="4313">
    <groups>
    </groups>
    <test started-at="2023-10-16T19:58:23 IST" name="Default test" finished-at="2023-10-16T19:58:27 IST" duration-ms="4313">
      <class name="Login.Login">
        <test-method is-config="true" signature="Setup()[pri:0, instance:Login.Login@686449f9]" started-at="2023-10-16T19:58:12 IST" name="Setup" finished-at="2023-10-16T19:58:23 IST" duration-ms="11046" status="PASS">
          <reporter-output>
          </reporter-output>
        </test-method> <!-- Setup -->
        <test-method signature="valid()[pri:1, instance:Login.Login@686449f9]" started-at="2023-10-16T19:58:23 IST" name="valid" finished-at="2023-10-16T19:58:27 IST" duration-ms="4239" status="PASS">
          <reporter-output>
          </reporter-output>
        </test-method> <!-- valid -->
        <test-method is-config="true" signature="TearDown()[pri:0, instance:Login.Login@686449f9]" started-at="2023-10-16T19:58:27 IST" name="TearDown" finished-at="2023-10-16T19:58:27 IST" duration-ms="1" status="PASS">
          <reporter-output>
          </reporter-output>
        </test-method> <!-- TearDown -->
      </class> <!-- Login.Login -->
    </test> <!-- Default test -->
  </suite> <!-- Default suite -->
</testng-results>
